{
  level: 'info',
  message: 'Connecting to MongoDB at mongodb+srv://26vikramnaik:oYAocP2yk14ZzfAJ@innoyatra.zc1bw.mongodb.net/?retryWrites=true&w=majority&appName=innoyatra',
  service: 'api',
  timestamp: '2024-12-26T18:54:33.964Z'
}
{
  level: 'info',
  message: 'Retrying mongo connection',
  service: 'api',
  timestamp: '2024-12-26T18:55:04.164Z'
}
{"level":"error","message":"Failed to connect to MongoDB: MongooseServerSelectionError: Could not connect to any servers in your MongoDB Atlas cluster. One common reason is that you're trying to access the database from an IP that isn't whitelisted. Make sure your current IP address is on your Atlas cluster's IP whitelist: https://www.mongodb.com/docs/atlas/security-whitelist/","service":"api","timestamp":"2024-12-26T18:55:04.166Z"}
{
  level: 'error',
  message: "Failed to connect to MongoDB: MongooseServerSelectionError: Could not connect to any servers in your MongoDB Atlas cluster. One common reason is that you're trying to access the database from an IP that isn't whitelisted. Make sure your current IP address is on your Atlas cluster's IP whitelist: https://www.mongodb.com/docs/atlas/security-whitelist/",
  service: 'api',
  timestamp: '2024-12-26T18:55:04.166Z'
}
{
  level: 'error',
  message: 'Could not connect to mongodb+srv://26vikramnaik:oYAocP2yk14ZzfAJ@innoyatra.zc1bw.mongodb.net/?retryWrites=true&w=majority&appName=innoyatra',
  error: 'D4280000:error:0A000438:SSL routines:ssl3_read_bytes:tlsv1 alert internal error:c:\\ws\\deps\\openssl\\openssl\\ssl\\record\\rec_layer_s3.c:1590:SSL alert number 80\n',
  service: 'api',
  timestamp: '2024-12-26T18:55:04.168Z'
}
{"error":{},"level":"error","message":"Could not connect to mongodb+srv://26vikramnaik:oYAocP2yk14ZzfAJ@innoyatra.zc1bw.mongodb.net/?retryWrites=true&w=majority&appName=innoyatra","service":"api","timestamp":"2024-12-26T18:55:04.168Z"}
{
  level: 'info',
  message: 'Connecting to MongoDB at mongodb+srv://26vikramnaik:oYAocP2yk14ZzfAJ@innoyatra.zc1bw.mongodb.net/?retryWrites=true&w=majority&appName=innoyatra',
  service: 'api',
  timestamp: '2024-12-26T18:55:06.173Z'
}
{
  level: 'info',
  message: 'Retrying mongo connection',
  service: 'api',
  timestamp: '2024-12-26T18:55:36.314Z'
}
{"level":"error","message":"Failed to connect to MongoDB: MongooseServerSelectionError: Could not connect to any servers in your MongoDB Atlas cluster. One common reason is that you're trying to access the database from an IP that isn't whitelisted. Make sure your current IP address is on your Atlas cluster's IP whitelist: https://www.mongodb.com/docs/atlas/security-whitelist/","service":"api","timestamp":"2024-12-26T18:55:36.317Z"}
{
  level: 'error',
  message: "Failed to connect to MongoDB: MongooseServerSelectionError: Could not connect to any servers in your MongoDB Atlas cluster. One common reason is that you're trying to access the database from an IP that isn't whitelisted. Make sure your current IP address is on your Atlas cluster's IP whitelist: https://www.mongodb.com/docs/atlas/security-whitelist/",
  service: 'api',
  timestamp: '2024-12-26T18:55:36.317Z'
}
{
  level: 'error',
  message: 'Could not connect to mongodb+srv://26vikramnaik:oYAocP2yk14ZzfAJ@innoyatra.zc1bw.mongodb.net/?retryWrites=true&w=majority&appName=innoyatra',
  error: 'D4280000:error:0A000438:SSL routines:ssl3_read_bytes:tlsv1 alert internal error:c:\\ws\\deps\\openssl\\openssl\\ssl\\record\\rec_layer_s3.c:1590:SSL alert number 80\n',
  service: 'api',
  timestamp: '2024-12-26T18:55:36.319Z'
}
{"error":{},"level":"error","message":"Could not connect to mongodb+srv://26vikramnaik:oYAocP2yk14ZzfAJ@innoyatra.zc1bw.mongodb.net/?retryWrites=true&w=majority&appName=innoyatra","service":"api","timestamp":"2024-12-26T18:55:36.319Z"}
{
  level: 'info',
  message: 'Connecting to MongoDB at mongodb+srv://26vikramnaik:oYAocP2yk14ZzfAJ@innoyatra.zc1bw.mongodb.net/?retryWrites=true&w=majority&appName=innoyatra',
  service: 'api',
  timestamp: '2024-12-26T18:55:37.751Z'
}
{
  level: 'info',
  message: 'Connecting to MongoDB at mongodb+srv://26vikramnaik:oYAocP2yk14ZzfAJ@innoyatra.zc1bw.mongodb.net/?retryWrites=true&w=majority&appName=innoyatra',
  service: 'api',
  timestamp: '2024-12-26T18:55:38.317Z'
}
{
  level: 'info',
  message: 'Retrying mongo connection',
  service: 'api',
  timestamp: '2024-12-26T18:56:07.967Z'
}
{"level":"error","message":"Failed to connect to MongoDB: MongooseServerSelectionError: Could not connect to any servers in your MongoDB Atlas cluster. One common reason is that you're trying to access the database from an IP that isn't whitelisted. Make sure your current IP address is on your Atlas cluster's IP whitelist: https://www.mongodb.com/docs/atlas/security-whitelist/","service":"api","timestamp":"2024-12-26T18:56:07.968Z"}
{
  level: 'error',
  message: "Failed to connect to MongoDB: MongooseServerSelectionError: Could not connect to any servers in your MongoDB Atlas cluster. One common reason is that you're trying to access the database from an IP that isn't whitelisted. Make sure your current IP address is on your Atlas cluster's IP whitelist: https://www.mongodb.com/docs/atlas/security-whitelist/",
  service: 'api',
  timestamp: '2024-12-26T18:56:07.968Z'
}
{
  level: 'error',
  message: 'Could not connect to mongodb+srv://26vikramnaik:oYAocP2yk14ZzfAJ@innoyatra.zc1bw.mongodb.net/?retryWrites=true&w=majority&appName=innoyatra',
  error: 'D4280000:error:0A000438:SSL routines:ssl3_read_bytes:tlsv1 alert internal error:c:\\ws\\deps\\openssl\\openssl\\ssl\\record\\rec_layer_s3.c:1590:SSL alert number 80\n',
  service: 'api',
  timestamp: '2024-12-26T18:56:07.969Z'
}
{"error":{},"level":"error","message":"Could not connect to mongodb+srv://26vikramnaik:oYAocP2yk14ZzfAJ@innoyatra.zc1bw.mongodb.net/?retryWrites=true&w=majority&appName=innoyatra","service":"api","timestamp":"2024-12-26T18:56:07.969Z"}
{
  level: 'info',
  message: 'Connecting to MongoDB at mongodb+srv://26vikramnaik:oYAocP2yk14ZzfAJ@innoyatra.zc1bw.mongodb.net/?retryWrites=true&w=majority&appName=innoyatra',
  service: 'api',
  timestamp: '2024-12-26T18:56:09.967Z'
}
{
  level: 'info',
  message: 'Connected to MongoDB at mongodb+srv://26vikramnaik:oYAocP2yk14ZzfAJ@innoyatra.zc1bw.mongodb.net/?retryWrites=true&w=majority&appName=innoyatra',
  service: 'api',
  timestamp: '2024-12-26T18:56:37.848Z'
}
{
  level: 'info',
  message: 'Connecting to MongoDB at mongodb+srv://26vikramnaik:oYAocP2yk14ZzfAJ@innoyatra.zc1bw.mongodb.net/?retryWrites=true&w=majority&appName=innoyatra',
  service: 'api',
  timestamp: '2024-12-26T19:03:06.579Z'
}
{
  level: 'info',
  message: 'Connecting to MongoDB at mongodb+srv://26vikramnaik:oYAocP2yk14ZzfAJ@innoyatra.zc1bw.mongodb.net/?retryWrites=true&w=majority&appName=innoyatra',
  service: 'api',
  timestamp: '2024-12-26T19:04:12.435Z'
}
